{"total": {"lines":{"total":147,"covered":81,"skipped":0,"pct":55.1},"statements":{"total":150,"covered":82,"skipped":0,"pct":54.66},"functions":{"total":25,"covered":14,"skipped":0,"pct":56},"branches":{"total":30,"covered":17,"skipped":0,"pct":56.66},"branchesTrue":{"total":0,"covered":0,"skipped":0,"pct":100}}
,"C:\\Users\\soflu\\Downloads\\taskManager\\config\\checkAuth.js": {"lines":{"total":57,"covered":50,"skipped":0,"pct":87.71},"functions":{"total":7,"covered":7,"skipped":0,"pct":100},"statements":{"total":57,"covered":50,"skipped":0,"pct":87.71},"branches":{"total":12,"covered":11,"skipped":0,"pct":91.66}}
,"C:\\Users\\soflu\\Downloads\\taskManager\\config\\database.js": {"lines":{"total":9,"covered":9,"skipped":0,"pct":100},"functions":{"total":1,"covered":1,"skipped":0,"pct":100},"statements":{"total":9,"covered":9,"skipped":0,"pct":100},"branches":{"total":0,"covered":0,"skipped":0,"pct":100}}
,"C:\\Users\\soflu\\Downloads\\taskManager\\models\\task.js": {"lines":{"total":3,"covered":3,"skipped":0,"pct":100},"functions":{"total":0,"covered":0,"skipped":0,"pct":100},"statements":{"total":3,"covered":3,"skipped":0,"pct":100},"branches":{"total":0,"covered":0,"skipped":0,"pct":100}}
,"C:\\Users\\soflu\\Downloads\\taskManager\\models\\user.js": {"lines":{"total":3,"covered":3,"skipped":0,"pct":100},"functions":{"total":0,"covered":0,"skipped":0,"pct":100},"statements":{"total":3,"covered":3,"skipped":0,"pct":100},"branches":{"total":0,"covered":0,"skipped":0,"pct":100}}
,"C:\\Users\\soflu\\Downloads\\taskManager\\public\\js\\calendar.js": {"lines":{"total":75,"covered":16,"skipped":0,"pct":21.33},"functions":{"total":17,"covered":6,"skipped":0,"pct":35.29},"statements":{"total":78,"covered":17,"skipped":0,"pct":21.79},"branches":{"total":18,"covered":6,"skipped":0,"pct":33.33}}
}
