{"total": {"lines":{"total":69,"covered":54,"skipped":0,"pct":78.26},"statements":{"total":69,"covered":54,"skipped":0,"pct":78.26},"functions":{"total":8,"covered":7,"skipped":0,"pct":87.5},"branches":{"total":12,"covered":7,"skipped":0,"pct":58.33},"branchesTrue":{"total":0,"covered":0,"skipped":0,"pct":100}}
,"C:\\Users\\soflu\\Downloads\\taskManager\\config\\checkAuth.js": {"lines":{"total":57,"covered":42,"skipped":0,"pct":73.68},"functions":{"total":7,"covered":6,"skipped":0,"pct":85.71},"statements":{"total":57,"covered":42,"skipped":0,"pct":73.68},"branches":{"total":12,"covered":7,"skipped":0,"pct":58.33}}
,"C:\\Users\\soflu\\Downloads\\taskManager\\config\\database.js": {"lines":{"total":9,"covered":9,"skipped":0,"pct":100},"functions":{"total":1,"covered":1,"skipped":0,"pct":100},"statements":{"total":9,"covered":9,"skipped":0,"pct":100},"branches":{"total":0,"covered":0,"skipped":0,"pct":100}}
,"C:\\Users\\soflu\\Downloads\\taskManager\\models\\user.js": {"lines":{"total":3,"covered":3,"skipped":0,"pct":100},"functions":{"total":0,"covered":0,"skipped":0,"pct":100},"statements":{"total":3,"covered":3,"skipped":0,"pct":100},"branches":{"total":0,"covered":0,"skipped":0,"pct":100}}
}
