{"C:\\Users\\soflu\\Downloads\\taskManager\\config\\checkAuth.js": {"path":"C:\\Users\\soflu\\Downloads\\taskManager\\config\\checkAuth.js","statementMap":{"0":{"start":{"line":1,"column":12},"end":{"line":1,"column":35}},"1":{"start":{"line":2,"column":15},"end":{"line":2,"column":32}},"2":{"start":{"line":3,"column":13},"end":{"line":3,"column":38}},"3":{"start":{"line":5,"column":19},"end":{"line":5,"column":36}},"4":{"start":{"line":8,"column":26},"end":{"line":22,"column":1}},"5":{"start":{"line":9,"column":18},"end":{"line":9,"column":80}},"6":{"start":{"line":11,"column":4},"end":{"line":13,"column":5}},"7":{"start":{"line":12,"column":8},"end":{"line":12,"column":53}},"8":{"start":{"line":15,"column":4},"end":{"line":21,"column":5}},"9":{"start":{"line":16,"column":24},"end":{"line":16,"column":53}},"10":{"start":{"line":17,"column":8},"end":{"line":17,"column":27}},"11":{"start":{"line":18,"column":8},"end":{"line":18,"column":15}},"12":{"start":{"line":20,"column":8},"end":{"line":20,"column":48}},"13":{"start":{"line":25,"column":21},"end":{"line":65,"column":1}},"14":{"start":{"line":26,"column":4},"end":{"line":64,"column":5}},"15":{"start":{"line":27,"column":42},"end":{"line":27,"column":50}},"16":{"start":{"line":29,"column":29},"end":{"line":29,"column":58}},"17":{"start":{"line":30,"column":8},"end":{"line":32,"column":9}},"18":{"start":{"line":31,"column":12},"end":{"line":31,"column":82}},"19":{"start":{"line":34,"column":31},"end":{"line":34,"column":62}},"20":{"start":{"line":35,"column":21},"end":{"line":39,"column":10}},"21":{"start":{"line":41,"column":8},"end":{"line":41,"column":26}},"22":{"start":{"line":43,"column":22},"end":{"line":47,"column":9}},"23":{"start":{"line":49,"column":8},"end":{"line":49,"column":35}},"24":{"start":{"line":51,"column":8},"end":{"line":59,"column":11}},"25":{"start":{"line":62,"column":8},"end":{"line":62,"column":51}},"26":{"start":{"line":63,"column":8},"end":{"line":63,"column":70}},"27":{"start":{"line":68,"column":18},"end":{"line":104,"column":1}},"28":{"start":{"line":69,"column":4},"end":{"line":103,"column":5}},"29":{"start":{"line":70,"column":36},"end":{"line":70,"column":44}},"30":{"start":{"line":71,"column":21},"end":{"line":71,"column":50}},"31":{"start":{"line":73,"column":8},"end":{"line":75,"column":9}},"32":{"start":{"line":74,"column":12},"end":{"line":74,"column":77}},"33":{"start":{"line":77,"column":30},"end":{"line":77,"column":75}},"34":{"start":{"line":78,"column":8},"end":{"line":80,"column":9}},"35":{"start":{"line":79,"column":12},"end":{"line":79,"column":77}},"36":{"start":{"line":82,"column":22},"end":{"line":86,"column":9}},"37":{"start":{"line":88,"column":8},"end":{"line":88,"column":35}},"38":{"start":{"line":90,"column":8},"end":{"line":98,"column":11}},"39":{"start":{"line":101,"column":8},"end":{"line":101,"column":48}},"40":{"start":{"line":102,"column":8},"end":{"line":102,"column":67}},"41":{"start":{"line":107,"column":19},"end":{"line":110,"column":1}},"42":{"start":{"line":108,"column":4},"end":{"line":108,"column":29}},"43":{"start":{"line":109,"column":4},"end":{"line":109,"column":57}},"44":{"start":{"line":113,"column":23},"end":{"line":124,"column":1}},"45":{"start":{"line":114,"column":4},"end":{"line":123,"column":5}},"46":{"start":{"line":115,"column":21},"end":{"line":115,"column":77}},"47":{"start":{"line":116,"column":8},"end":{"line":118,"column":9}},"48":{"start":{"line":117,"column":12},"end":{"line":117,"column":76}},"49":{"start":{"line":119,"column":8},"end":{"line":119,"column":23}},"50":{"start":{"line":121,"column":8},"end":{"line":121,"column":57}},"51":{"start":{"line":122,"column":8},"end":{"line":122,"column":78}},"52":{"start":{"line":127,"column":20},"end":{"line":135,"column":1}},"53":{"start":{"line":128,"column":4},"end":{"line":134,"column":7}},"54":{"start":{"line":138,"column":23},"end":{"line":144,"column":1}},"55":{"start":{"line":139,"column":4},"end":{"line":143,"column":7}},"56":{"start":{"line":146,"column":0},"end":{"line":153,"column":2}}},"fnMap":{"0":{"name":"(anonymous_0)","decl":{"start":{"line":8,"column":26},"end":{"line":8,"column":27}},"loc":{"start":{"line":8,"column":46},"end":{"line":22,"column":1}},"line":8},"1":{"name":"(anonymous_1)","decl":{"start":{"line":25,"column":21},"end":{"line":25,"column":22}},"loc":{"start":{"line":25,"column":41},"end":{"line":65,"column":1}},"line":25},"2":{"name":"(anonymous_2)","decl":{"start":{"line":68,"column":18},"end":{"line":68,"column":19}},"loc":{"start":{"line":68,"column":38},"end":{"line":104,"column":1}},"line":68},"3":{"name":"(anonymous_3)","decl":{"start":{"line":107,"column":19},"end":{"line":107,"column":20}},"loc":{"start":{"line":107,"column":33},"end":{"line":110,"column":1}},"line":107},"4":{"name":"(anonymous_4)","decl":{"start":{"line":113,"column":23},"end":{"line":113,"column":24}},"loc":{"start":{"line":113,"column":43},"end":{"line":124,"column":1}},"line":113},"5":{"name":"(anonymous_5)","decl":{"start":{"line":127,"column":20},"end":{"line":127,"column":21}},"loc":{"start":{"line":127,"column":34},"end":{"line":135,"column":1}},"line":127},"6":{"name":"(anonymous_6)","decl":{"start":{"line":138,"column":23},"end":{"line":138,"column":24}},"loc":{"start":{"line":138,"column":39},"end":{"line":144,"column":1}},"line":138}},"branchMap":{"0":{"loc":{"start":{"line":9,"column":18},"end":{"line":9,"column":80}},"type":"binary-expr","locations":[{"start":{"line":9,"column":18},"end":{"line":9,"column":36}},{"start":{"line":9,"column":40},"end":{"line":9,"column":80}}],"line":9},"1":{"loc":{"start":{"line":11,"column":4},"end":{"line":13,"column":5}},"type":"if","locations":[{"start":{"line":11,"column":4},"end":{"line":13,"column":5}},{"start":{},"end":{}}],"line":11},"2":{"loc":{"start":{"line":30,"column":8},"end":{"line":32,"column":9}},"type":"if","locations":[{"start":{"line":30,"column":8},"end":{"line":32,"column":9}},{"start":{},"end":{}}],"line":30},"3":{"loc":{"start":{"line":73,"column":8},"end":{"line":75,"column":9}},"type":"if","locations":[{"start":{"line":73,"column":8},"end":{"line":75,"column":9}},{"start":{},"end":{}}],"line":73},"4":{"loc":{"start":{"line":78,"column":8},"end":{"line":80,"column":9}},"type":"if","locations":[{"start":{"line":78,"column":8},"end":{"line":80,"column":9}},{"start":{},"end":{}}],"line":78},"5":{"loc":{"start":{"line":116,"column":8},"end":{"line":118,"column":9}},"type":"if","locations":[{"start":{"line":116,"column":8},"end":{"line":118,"column":9}},{"start":{},"end":{}}],"line":116}},"s":{"0":2,"1":2,"2":2,"3":2,"4":2,"5":0,"6":0,"7":0,"8":0,"9":0,"10":0,"11":0,"12":0,"13":2,"14":1,"15":1,"16":1,"17":1,"18":0,"19":1,"20":1,"21":1,"22":1,"23":1,"24":1,"25":0,"26":0,"27":2,"28":3,"29":3,"30":3,"31":3,"32":1,"33":2,"34":2,"35":1,"36":1,"37":1,"38":1,"39":0,"40":0,"41":2,"42":1,"43":1,"44":2,"45":2,"46":2,"47":2,"48":1,"49":1,"50":0,"51":0,"52":2,"53":1,"54":2,"55":2,"56":2},"f":{"0":0,"1":1,"2":3,"3":1,"4":2,"5":1,"6":2},"b":{"0":[0,0],"1":[0,0],"2":[0,1],"3":[1,2],"4":[1,1],"5":[1,1]},"_coverageSchema":"1a1c01bbd47fc00a2c39e90264f33305004495a9","hash":"9037d09768d247b97203862cee23e7183e08f8a3"}
,"C:\\Users\\soflu\\Downloads\\taskManager\\config\\database.js": {"path":"C:\\Users\\soflu\\Downloads\\taskManager\\config\\database.js","statementMap":{"0":{"start":{"line":1,"column":17},"end":{"line":1,"column":36}},"1":{"start":{"line":3,"column":24},"end":{"line":3,"column":102}},"2":{"start":{"line":5,"column":18},"end":{"line":16,"column":1}},"3":{"start":{"line":6,"column":4},"end":{"line":15,"column":5}},"4":{"start":{"line":7,"column":8},"end":{"line":10,"column":11}},"5":{"start":{"line":11,"column":8},"end":{"line":11,"column":54}},"6":{"start":{"line":13,"column":8},"end":{"line":13,"column":63}},"7":{"start":{"line":14,"column":8},"end":{"line":14,"column":24}},"8":{"start":{"line":18,"column":0},"end":{"line":18,"column":27}}},"fnMap":{"0":{"name":"(anonymous_0)","decl":{"start":{"line":5,"column":18},"end":{"line":5,"column":19}},"loc":{"start":{"line":5,"column":30},"end":{"line":16,"column":1}},"line":5}},"branchMap":{},"s":{"0":2,"1":2,"2":2,"3":2,"4":2,"5":1,"6":1,"7":1,"8":2},"f":{"0":2},"b":{},"_coverageSchema":"1a1c01bbd47fc00a2c39e90264f33305004495a9","hash":"0526bd77d8d463e5bd74353f3ee00086c15a1fa9"}
,"C:\\Users\\soflu\\Downloads\\taskManager\\models\\user.js": {"path":"C:\\Users\\soflu\\Downloads\\taskManager\\models\\user.js","statementMap":{"0":{"start":{"line":1,"column":17},"end":{"line":1,"column":36}},"1":{"start":{"line":3,"column":19},"end":{"line":33,"column":37}},"2":{"start":{"line":35,"column":0},"end":{"line":35,"column":52}}},"fnMap":{},"branchMap":{},"s":{"0":2,"1":2,"2":2},"f":{},"b":{},"_coverageSchema":"1a1c01bbd47fc00a2c39e90264f33305004495a9","hash":"25fdcbadccd611d64a2d9a9cef89b06f84a1f72c"}
}
