TN:
SF:config\checkAuth.js
FN:8,(anonymous_0)
FN:25,(anonymous_1)
FN:68,(anonymous_2)
FN:107,(anonymous_3)
FN:113,(anonymous_4)
FN:127,(anonymous_5)
FN:138,(anonymous_6)
FNF:7
FNH:6
FNDA:0,(anonymous_0)
FNDA:1,(anonymous_1)
FNDA:3,(anonymous_2)
FNDA:1,(anonymous_3)
FNDA:2,(anonymous_4)
FNDA:1,(anonymous_5)
FNDA:2,(anonymous_6)
DA:1,2
DA:2,2
DA:3,2
DA:5,2
DA:8,2
DA:9,0
DA:11,0
DA:12,0
DA:15,0
DA:16,0
DA:17,0
DA:18,0
DA:20,0
DA:25,2
DA:26,1
DA:27,1
DA:29,1
DA:30,1
DA:31,0
DA:34,1
DA:35,1
DA:41,1
DA:43,1
DA:49,1
DA:51,1
DA:62,0
DA:63,0
DA:68,2
DA:69,3
DA:70,3
DA:71,3
DA:73,3
DA:74,1
DA:77,2
DA:78,2
DA:79,1
DA:82,1
DA:88,1
DA:90,1
DA:101,0
DA:102,0
DA:107,2
DA:108,1
DA:109,1
DA:113,2
DA:114,2
DA:115,2
DA:116,2
DA:117,1
DA:119,1
DA:121,0
DA:122,0
DA:127,2
DA:128,1
DA:138,2
DA:139,2
DA:146,2
LF:57
LH:42
BRDA:9,0,0,0
BRDA:9,0,1,0
BRDA:11,1,0,0
BRDA:11,1,1,0
BRDA:30,2,0,0
BRDA:30,2,1,1
BRDA:73,3,0,1
BRDA:73,3,1,2
BRDA:78,4,0,1
BRDA:78,4,1,1
BRDA:116,5,0,1
BRDA:116,5,1,1
BRF:12
BRH:7
end_of_record
TN:
SF:config\database.js
FN:5,(anonymous_0)
FNF:1
FNH:1
FNDA:2,(anonymous_0)
DA:1,2
DA:3,2
DA:5,2
DA:6,2
DA:7,2
DA:11,1
DA:13,1
DA:14,1
DA:18,2
LF:9
LH:9
BRF:0
BRH:0
end_of_record
TN:
SF:models\user.js
FNF:0
FNH:0
DA:1,2
DA:3,2
DA:35,2
LF:3
LH:3
BRF:0
BRH:0
end_of_record
